[    99.365] (--) Log file renamed from "/home/testing/.local/share/xorg/Xorg.pid-1765.log" to "/home/testing/.local/share/xorg/Xorg.0.log"
[    99.368] 
X.Org X Server 1.20.9
X Protocol Version 11, Revision 0
[    99.368] Build Operating System: Linux 4.15.0-140-generic x86_64 Ubuntu
[    99.368] Current Operating System: Linux ubuntu 5.8.0-53-generic #60~20.04.1-Ubuntu SMP Thu May 6 09:52:46 UTC 2021 x86_64
[    99.368] Kernel command line: BOOT_IMAGE=/boot/vmlinuz-5.8.0-53-generic root=UUID=90e38507-2dc5-47f0-bdb9-93f33e79e462 ro find_preseed=/preseed.cfg auto noprompt priority=critical locale=en_US quiet
[    99.369] Build Date: 08 April 2021  12:29:22PM
[    99.369] xorg-server 2:1.20.9-2ubuntu1.2~20.04.2 (For technical support please see http://www.ubuntu.com/support) 
[    99.369] Current version of pixman: 0.38.4
[    99.369] 	Before reporting problems, check http://wiki.x.org
	to make sure that you have the latest version.
[    99.369] Markers: (--) probed, (**) from config file, (==) default setting,
	(++) from command line, (!!) notice, (II) informational,
	(WW) warning, (EE) error, (NI) not implemented, (??) unknown.
[    99.370] (==) Log file: "/home/testing/.local/share/xorg/Xorg.0.log", Time: Wed May 19 23:28:00 2021
[    99.376] (==) Using system config directory "/usr/share/X11/xorg.conf.d"
[    99.385] (==) No Layout section.  Using the first Screen section.
[    99.385] (==) No screen section available. Using defaults.
[    99.385] (**) |-->Screen "Default Screen Section" (0)
[    99.385] (**) |   |-->Monitor "<default monitor>"
[    99.391] (==) No monitor specified for screen "Default Screen Section".
	Using a default monitor configuration.
[    99.391] (==) Automatically adding devices
[    99.391] (==) Automatically enabling devices
[    99.391] (==) Automatically adding GPU devices
[    99.392] (==) Automatically binding GPU devices
[    99.392] (==) Max clients allowed: 256, resource mask: 0x1fffff
[    99.392] (WW) The directory "/usr/share/fonts/X11/cyrillic" does not exist.
[    99.393] 	Entry deleted from font path.
[    99.393] (WW) The directory "/usr/share/fonts/X11/100dpi/" does not exist.
[    99.393] 	Entry deleted from font path.
[    99.393] (WW) The directory "/usr/share/fonts/X11/75dpi/" does not exist.
[    99.393] 	Entry deleted from font path.
[    99.393] (WW) The directory "/usr/share/fonts/X11/100dpi" does not exist.
[    99.393] 	Entry deleted from font path.
[    99.393] (WW) The directory "/usr/share/fonts/X11/75dpi" does not exist.
[    99.393] 	Entry deleted from font path.
[    99.393] (==) FontPath set to:
	/usr/share/fonts/X11/misc,
	/usr/share/fonts/X11/Type1,
	built-ins
[    99.393] (==) ModulePath set to "/usr/lib/xorg/modules"
[    99.394] (II) The server relies on udev to provide the list of input devices.
	If no devices become available, reconfigure udev or disable AutoAddDevices.
[    99.394] (II) Loader magic: 0x56011f2de020
[    99.394] (II) Module ABI versions:
[    99.394] 	X.Org ANSI C Emulation: 0.4
[    99.394] 	X.Org Video Driver: 24.1
[    99.394] 	X.Org XInput driver : 24.1
[    99.394] 	X.Org Server Extension : 10.0
[    99.398] (++) using VT number 2

[    99.410] (II) systemd-logind: took control of session /org/freedesktop/login1/session/_32
[    99.413] (II) xfree86: Adding drm device (/dev/dri/card0)
[    99.416] (II) systemd-logind: got fd for /dev/dri/card0 226:0 fd 12 paused 0
[    99.436] (--) PCI:*(0@0:15:0) 15ad:0405:15ad:0405 rev 0, Mem @ 0xe8000000/134217728, 0xfe000000/8388608, I/O @ 0x00001070/16, BIOS @ 0x????????/131072
[    99.446] (II) LoadModule: "glx"
[    99.457] (II) Loading /usr/lib/xorg/modules/extensions/libglx.so
[    99.489] (II) Module glx: vendor="X.Org Foundation"
[    99.489] 	compiled for 1.20.9, module version = 1.0.0
[    99.489] 	ABI class: X.Org Server Extension, version 10.0
[    99.489] (==) Matched vmware as autoconfigured driver 0
[    99.489] (==) Matched modesetting as autoconfigured driver 1
[    99.489] (==) Matched fbdev as autoconfigured driver 2
[    99.489] (==) Matched vesa as autoconfigured driver 3
[    99.489] (==) Assigned the driver to the xf86ConfigLayout
[    99.490] (II) LoadModule: "vmware"
[    99.490] (II) Loading /usr/lib/xorg/modules/drivers/vmware_drv.so
[    99.764] (II) Module vmware: vendor="X.Org Foundation"
[    99.764] 	compiled for 1.20.8, module version = 13.3.0
[    99.764] 	Module class: X.Org Video Driver
[    99.765] 	ABI class: X.Org Video Driver, version 24.1
[    99.765] (II) LoadModule: "modesetting"
[    99.765] (II) Loading /usr/lib/xorg/modules/drivers/modesetting_drv.so
[    99.775] (II) Module modesetting: vendor="X.Org Foundation"
[    99.775] 	compiled for 1.20.9, module version = 1.20.9
[    99.775] 	Module class: X.Org Video Driver
[    99.776] 	ABI class: X.Org Video Driver, version 24.1
[    99.776] (II) LoadModule: "fbdev"
[    99.776] (II) Loading /usr/lib/xorg/modules/drivers/fbdev_drv.so
[    99.784] (II) Module fbdev: vendor="X.Org Foundation"
[    99.784] 	compiled for 1.20.1, module version = 0.5.0
[    99.784] 	Module class: X.Org Video Driver
[    99.785] 	ABI class: X.Org Video Driver, version 24.0
[    99.785] (II) LoadModule: "vesa"
[    99.785] (II) Loading /usr/lib/xorg/modules/drivers/vesa_drv.so
[    99.790] (II) Module vesa: vendor="X.Org Foundation"
[    99.790] 	compiled for 1.20.4, module version = 2.4.0
[    99.790] 	Module class: X.Org Video Driver
[    99.790] 	ABI class: X.Org Video Driver, version 24.0
[    99.791] (II) vmware: driver for VMware SVGA: vmware0405, vmware0710
[    99.791] (II) modesetting: Driver for Modesetting Kernel Drivers: kms
[    99.791] (II) FBDEV: driver for framebuffer: fbdev
[    99.792] (II) VESA: driver for VESA chipsets: vesa
[    99.792] xf86EnableIOPorts: failed to set IOPL for I/O (Operation not permitted)
[    99.792] (WW) Falling back to old probe method for modesetting
[    99.793] (WW) Falling back to old probe method for fbdev
[    99.793] (II) Loading sub module "fbdevhw"
[    99.793] (II) LoadModule: "fbdevhw"
[    99.794] (II) Loading /usr/lib/xorg/modules/libfbdevhw.so
[    99.799] (II) Module fbdevhw: vendor="X.Org Foundation"
[    99.799] 	compiled for 1.20.9, module version = 0.0.2
[    99.800] 	ABI class: X.Org Video Driver, version 24.1
[    99.800] (EE) open /dev/fb0: Permission denied
[    99.800] (WW) VGA arbiter: cannot open kernel arbiter, no multi-card support
[    99.801] (II) vmware(0): Creating default Display subsection in Screen section
	"Default Screen Section" for depth/fbbpp 24/32
[    99.801] (--) vmware(0): DRM driver version is 2.18.0
[    99.801] (==) vmware(0): Depth 24, (--) framebuffer bpp 32
[    99.801] (==) vmware(0): RGB weight 888
[    99.801] (==) vmware(0): Default visual is TrueColor
[    99.801] (--) vmware(0): Min width 1, Max Width 8192.
[    99.801] (--) vmware(0): Min height 1, Max Height 8192.
[    99.807] (II) vmware(0): Output Virtual1 has no monitor section
[    99.807] (II) vmware(0): Output Virtual2 has no monitor section
[    99.808] (II) vmware(0): Output Virtual3 has no monitor section
[    99.808] (II) vmware(0): Output Virtual4 has no monitor section
[    99.808] (II) vmware(0): Output Virtual5 has no monitor section
[    99.809] (II) vmware(0): Output Virtual6 has no monitor section
[    99.809] (II) vmware(0): Output Virtual7 has no monitor section
[    99.809] (II) vmware(0): Output Virtual8 has no monitor section
[    99.810] (II) vmware(0): Printing probed modes for output Virtual1
[    99.810] (II) vmware(0): Modeline "1164x472"x60.0   49.04  1164 1214 1264 1314  472 522 572 622 -hsync +vsync (37.3 kHz eP)
[    99.810] (II) vmware(0): Modeline "2560x1600"x60.0  348.50  2560 2752 3032 3504  1600 1603 1609 1658 -hsync +vsync (99.5 kHz e)
[    99.810] (II) vmware(0): Modeline "1920x1440"x60.0  234.00  1920 2048 2256 2600  1440 1441 1444 1500 -hsync +vsync (90.0 kHz e)
[    99.810] (II) vmware(0): Modeline "1856x1392"x60.0  218.25  1856 1952 2176 2528  1392 1393 1396 1439 -hsync +vsync (86.3 kHz e)
[    99.810] (II) vmware(0): Modeline "1792x1344"x60.0  204.75  1792 1920 2120 2448  1344 1345 1348 1394 -hsync +vsync (83.6 kHz e)
[    99.810] (II) vmware(0): Modeline "1920x1200"x59.9  193.25  1920 2056 2256 2592  1200 1203 1209 1245 -hsync +vsync (74.6 kHz e)
[    99.811] (II) vmware(0): Modeline "1600x1200"x60.0  162.00  1600 1664 1856 2160  1200 1201 1204 1250 +hsync +vsync (75.0 kHz e)
[    99.811] (II) vmware(0): Modeline "1680x1050"x60.0  146.25  1680 1784 1960 2240  1050 1053 1059 1089 -hsync +vsync (65.3 kHz e)
[    99.811] (II) vmware(0): Modeline "1400x1050"x60.0  121.75  1400 1488 1632 1864  1050 1053 1057 1089 -hsync +vsync (65.3 kHz e)
[    99.811] (II) vmware(0): Modeline "1280x1024"x60.0  108.00  1280 1328 1440 1688  1024 1025 1028 1066 +hsync +vsync (64.0 kHz e)
[    99.811] (II) vmware(0): Modeline "1440x900"x59.9  106.50  1440 1520 1672 1904  900 903 909 934 -hsync +vsync (55.9 kHz e)
[    99.811] (II) vmware(0): Modeline "1280x960"x60.0  108.00  1280 1376 1488 1800  960 961 964 1000 +hsync +vsync (60.0 kHz e)
[    99.811] (II) vmware(0): Modeline "1360x768"x60.0   85.50  1360 1424 1536 1792  768 771 777 795 +hsync +vsync (47.7 kHz e)
[    99.811] (II) vmware(0): Modeline "1280x800"x59.8   83.50  1280 1352 1480 1680  800 803 809 831 +hsync -vsync (49.7 kHz e)
[    99.812] (II) vmware(0): Modeline "1152x864"x75.0  108.00  1152 1216 1344 1600  864 865 868 900 +hsync +vsync (67.5 kHz e)
[    99.812] (II) vmware(0): Modeline "1280x768"x59.9   79.50  1280 1344 1472 1664  768 771 778 798 -hsync +vsync (47.8 kHz e)
[    99.812] (II) vmware(0): Modeline "1024x768"x60.0   65.00  1024 1048 1184 1344  768 771 777 806 -hsync -vsync (48.4 kHz e)
[    99.812] (II) vmware(0): Modeline "800x600"x60.3   40.00  800 840 968 1056  600 601 605 628 +hsync +vsync (37.9 kHz e)
[    99.813] (II) vmware(0): Modeline "640x480"x59.9   25.18  640 656 752 800  480 489 492 525 -hsync -vsync (31.5 kHz e)
[    99.813] (II) vmware(0): EDID for output Virtual2
[    99.813] (II) vmware(0): EDID for output Virtual3
[    99.813] (II) vmware(0): EDID for output Virtual4
[    99.813] (II) vmware(0): EDID for output Virtual5
[    99.813] (II) vmware(0): EDID for output Virtual6
[    99.814] (II) vmware(0): EDID for output Virtual7
[    99.814] (II) vmware(0): EDID for output Virtual8
[    99.814] (II) vmware(0): Output Virtual1 connected
[    99.814] (II) vmware(0): Output Virtual2 disconnected
[    99.814] (II) vmware(0): Output Virtual3 disconnected
[    99.814] (II) vmware(0): Output Virtual4 disconnected
[    99.814] (II) vmware(0): Output Virtual5 disconnected
[    99.814] (II) vmware(0): Output Virtual6 disconnected
[    99.815] (II) vmware(0): Output Virtual7 disconnected
[    99.815] (II) vmware(0): Output Virtual8 disconnected
[    99.815] (II) vmware(0): Using exact sizes for initial modes
[    99.815] (II) vmware(0): Output Virtual1 using initial mode 1164x472 +0+0
[    99.815] (==) vmware(0): DPI set to (96, 96)
[    99.815] (==) vmware(0): Using gamma correction (1.0, 1.0, 1.0)
[    99.815] (II) Loading sub module "fb"
[    99.815] (II) LoadModule: "fb"
[    99.816] (II) Loading /usr/lib/xorg/modules/libfb.so
[    99.822] (II) Module fb: vendor="X.Org Foundation"
[    99.822] 	compiled for 1.20.9, module version = 1.0.0
[    99.822] 	ABI class: X.Org ANSI C Emulation, version 0.4
[    99.822] (II) Loading sub module "dri2"
[    99.822] (II) LoadModule: "dri2"
[    99.822] (II) Module "dri2" already built-in
[    99.823] (II) Loading sub module "dri3"
[    99.823] (II) LoadModule: "dri3"
[    99.823] (II) Module "dri3" already built-in
[    99.823] (II) UnloadModule: "modesetting"
[    99.823] (II) Unloading modesetting
[    99.823] (II) UnloadModule: "fbdev"
[    99.823] (II) Unloading fbdev
[    99.823] (II) UnloadSubModule: "fbdevhw"
[    99.824] (II) Unloading fbdevhw
[    99.824] (II) UnloadModule: "vesa"
[    99.824] (II) Unloading vesa
[    99.838] (II) vmware(0): Initialized VMWARE_CTRL extension version 0.2
[    99.863] (WW) vmware(0): Failed to initialize Gallium3D Xa. No render acceleration available.
[    99.863] (WW) vmware(0): Skipped initialization of direct rendering due to lack of render acceleration.
[    99.863] (--) vmware(0): Render acceleration is disabled.
[    99.864] (==) vmware(0): Rendercheck mode is disabled.
[    99.864] (--) vmware(0): Direct rendering (DRI2 3D) is disabled.
[    99.864] (--) vmware(0): Direct rendering (DRI3 3D) is disabled.
[    99.864] (==) vmware(0): Backing store enabled
[    99.864] (==) vmware(0): Silken mouse enabled
[    99.874] (==) vmware(0): DPMS enabled
[    99.874] (II) vmware(0): No 3D acceleration. Not setting up textured video.
[    99.874] (II) Initializing extension Generic Event Extension
[    99.875] (II) Initializing extension SHAPE
[    99.875] (II) Initializing extension MIT-SHM
[    99.875] (II) Initializing extension XInputExtension
[    99.880] (II) Initializing extension XTEST
[    99.881] (II) Initializing extension BIG-REQUESTS
[    99.881] (II) Initializing extension SYNC
[    99.882] (II) Initializing extension XKEYBOARD
[    99.882] (II) Initializing extension XC-MISC
[    99.882] (II) Initializing extension SECURITY
[    99.883] (II) Initializing extension XFIXES
[    99.883] (II) Initializing extension RENDER
[    99.884] (II) Initializing extension RANDR
[    99.884] (II) Initializing extension COMPOSITE
[    99.885] (II) Initializing extension DAMAGE
[    99.885] (II) Initializing extension MIT-SCREEN-SAVER
[    99.885] (II) Initializing extension DOUBLE-BUFFER
[    99.886] (II) Initializing extension RECORD
[    99.886] (II) Initializing extension DPMS
[    99.886] (II) Initializing extension Present
[    99.886] (II) Initializing extension DRI3
[    99.886] (II) Initializing extension X-Resource
[    99.887] (II) Initializing extension XVideo
[    99.887] (II) Initializing extension XVideo-MotionCompensation
[    99.887] (II) Initializing extension SELinux
[    99.887] (II) SELinux: Disabled on system
[    99.887] (II) Initializing extension GLX
[    99.891] (II) AIGLX: Screen 0 is not DRI2 capable
[    99.932] (II) IGLX: Loaded and initialized swrast
[    99.932] (II) GLX: Initialized DRISWRAST GL provider for screen 0
[    99.932] (II) Initializing extension XFree86-VidModeExtension
[    99.933] (II) Initializing extension XFree86-DGA
[    99.933] (II) Initializing extension XFree86-DRI
[    99.933] (II) Initializing extension DRI2
[    99.968] (II) vmware(0): Setting screen physical size to 307 x 124
[   100.117] (II) config/udev: Adding input device Power Button (/dev/input/event0)
[   100.117] (**) Power Button: Applying InputClass "libinput keyboard catchall"
[   100.117] (II) LoadModule: "libinput"
[   100.117] (II) Loading /usr/lib/xorg/modules/input/libinput_drv.so
[   100.126] (II) Module libinput: vendor="X.Org Foundation"
[   100.126] 	compiled for 1.20.4, module version = 0.29.0
[   100.127] 	Module class: X.Org XInput Driver
[   100.127] 	ABI class: X.Org XInput driver, version 24.1
[   100.127] (II) Using input driver 'libinput' for 'Power Button'
[   100.135] (II) systemd-logind: got fd for /dev/input/event0 13:64 fd 20 paused 0
[   100.135] (**) Power Button: always reports core events
[   100.135] (**) Option "Device" "/dev/input/event0"
[   100.136] (**) Option "_source" "server/udev"
[   100.143] (II) event0  - Power Button: is tagged by udev as: Keyboard
[   100.143] (II) event0  - Power Button: device is a keyboard
[   100.145] (II) event0  - Power Button: device removed
[   100.145] (**) Option "config_info" "udev:/sys/devices/LNXSYSTM:00/LNXPWRBN:00/input/input0/event0"
[   100.145] (II) XINPUT: Adding extended input device "Power Button" (type: KEYBOARD, id 6)
[   100.145] (**) Option "xkb_model" "SKIP"
[   100.145] (**) Option "xkb_layout" "us"
[   100.241] (II) event0  - Power Button: is tagged by udev as: Keyboard
[   100.241] (II) event0  - Power Button: device is a keyboard
[   100.243] (II) config/udev: Adding input device VMware VMware Virtual USB Mouse (/dev/input/event4)
[   100.243] (**) VMware VMware Virtual USB Mouse: Applying InputClass "libinput pointer catchall"
[   100.243] (II) Using input driver 'libinput' for 'VMware VMware Virtual USB Mouse'
[   100.301] (II) systemd-logind: got fd for /dev/input/event4 13:68 fd 23 paused 0
[   100.301] (**) VMware VMware Virtual USB Mouse: always reports core events
[   100.301] (**) Option "Device" "/dev/input/event4"
[   100.302] (**) Option "_source" "server/udev"
[   100.304] (II) event4  - VMware VMware Virtual USB Mouse: is tagged by udev as: Mouse
[   100.304] (II) event4  - VMware VMware Virtual USB Mouse: device is a pointer
[   100.304] (II) event4  - VMware VMware Virtual USB Mouse: device removed
[   100.304] (**) Option "config_info" "udev:/sys/devices/pci0000:00/0000:00:11.0/0000:02:00.0/usb2/2-1/2-1:1.0/0003:0E0F:0003.0001/input/input5/event4"
[   100.304] (II) XINPUT: Adding extended input device "VMware VMware Virtual USB Mouse" (type: MOUSE, id 7)
[   100.304] (**) Option "AccelerationScheme" "none"
[   100.304] (**) VMware VMware Virtual USB Mouse: (accel) selected scheme none/0
[   100.304] (**) VMware VMware Virtual USB Mouse: (accel) acceleration factor: 2.000
[   100.304] (**) VMware VMware Virtual USB Mouse: (accel) acceleration threshold: 4
[   100.307] (II) event4  - VMware VMware Virtual USB Mouse: is tagged by udev as: Mouse
[   100.307] (II) event4  - VMware VMware Virtual USB Mouse: device is a pointer
[   100.308] (II) config/udev: Adding input device VMware VMware Virtual USB Mouse (/dev/input/mouse2)
[   100.308] (II) No input driver specified, ignoring this device.
[   100.308] (II) This device may have been added with another device file.
[   100.309] (II) config/udev: Adding input device AT Translated Set 2 keyboard (/dev/input/event1)
[   100.309] (**) AT Translated Set 2 keyboard: Applying InputClass "libinput keyboard catchall"
[   100.309] (II) Using input driver 'libinput' for 'AT Translated Set 2 keyboard'
[   100.310] (II) systemd-logind: got fd for /dev/input/event1 13:65 fd 24 paused 0
[   100.310] (**) AT Translated Set 2 keyboard: always reports core events
[   100.310] (**) Option "Device" "/dev/input/event1"
[   100.310] (**) Option "_source" "server/udev"
[   100.313] (II) event1  - AT Translated Set 2 keyboard: is tagged by udev as: Keyboard
[   100.313] (II) event1  - AT Translated Set 2 keyboard: device is a keyboard
[   100.313] (II) event1  - AT Translated Set 2 keyboard: device removed
[   100.313] (**) Option "config_info" "udev:/sys/devices/platform/i8042/serio0/input/input1/event1"
[   100.313] (II) XINPUT: Adding extended input device "AT Translated Set 2 keyboard" (type: KEYBOARD, id 8)
[   100.313] (**) Option "xkb_model" "SKIP"
[   100.313] (**) Option "xkb_layout" "us"
[   100.317] (II) event1  - AT Translated Set 2 keyboard: is tagged by udev as: Keyboard
[   100.317] (II) event1  - AT Translated Set 2 keyboard: device is a keyboard
[   100.318] (II) config/udev: Adding input device VirtualPS/2 VMware VMMouse (/dev/input/event3)
[   100.318] (**) VirtualPS/2 VMware VMMouse: Applying InputClass "libinput pointer catchall"
[   100.318] (II) Using input driver 'libinput' for 'VirtualPS/2 VMware VMMouse'
[   100.319] (II) systemd-logind: got fd for /dev/input/event3 13:67 fd 25 paused 0
[   100.319] (**) VirtualPS/2 VMware VMMouse: always reports core events
[   100.319] (**) Option "Device" "/dev/input/event3"
[   100.319] (**) Option "_source" "server/udev"
[   100.321] (II) event3  - VirtualPS/2 VMware VMMouse: is tagged by udev as: Mouse
[   100.321] (II) event3  - VirtualPS/2 VMware VMMouse: device is a pointer
[   100.321] (II) event3  - VirtualPS/2 VMware VMMouse: device removed
[   100.321] (**) Option "config_info" "udev:/sys/devices/platform/i8042/serio1/input/input3/event3"
[   100.321] (II) XINPUT: Adding extended input device "VirtualPS/2 VMware VMMouse" (type: MOUSE, id 9)
[   100.321] (**) Option "AccelerationScheme" "none"
[   100.321] (**) VirtualPS/2 VMware VMMouse: (accel) selected scheme none/0
[   100.321] (**) VirtualPS/2 VMware VMMouse: (accel) acceleration factor: 2.000
[   100.321] (**) VirtualPS/2 VMware VMMouse: (accel) acceleration threshold: 4
[   100.323] (II) event3  - VirtualPS/2 VMware VMMouse: is tagged by udev as: Mouse
[   100.323] (II) event3  - VirtualPS/2 VMware VMMouse: device is a pointer
[   100.323] (II) config/udev: Adding input device VirtualPS/2 VMware VMMouse (/dev/input/mouse1)
[   100.324] (II) No input driver specified, ignoring this device.
[   100.324] (II) This device may have been added with another device file.
[   100.324] (II) config/udev: Adding input device VirtualPS/2 VMware VMMouse (/dev/input/event2)
[   100.324] (**) VirtualPS/2 VMware VMMouse: Applying InputClass "libinput pointer catchall"
[   100.324] (II) Using input driver 'libinput' for 'VirtualPS/2 VMware VMMouse'
[   100.326] (II) systemd-logind: got fd for /dev/input/event2 13:66 fd 26 paused 0
[   100.326] (**) VirtualPS/2 VMware VMMouse: always reports core events
[   100.326] (**) Option "Device" "/dev/input/event2"
[   100.326] (**) Option "_source" "server/udev"
[   100.329] (II) event2  - VirtualPS/2 VMware VMMouse: is tagged by udev as: Mouse
[   100.329] (II) event2  - VirtualPS/2 VMware VMMouse: device is a pointer
[   100.329] (II) event2  - VirtualPS/2 VMware VMMouse: device removed
[   100.329] (**) Option "config_info" "udev:/sys/devices/platform/i8042/serio1/input/input4/event2"
[   100.329] (II) XINPUT: Adding extended input device "VirtualPS/2 VMware VMMouse" (type: MOUSE, id 10)
[   100.329] (**) Option "AccelerationScheme" "none"
[   100.329] (**) VirtualPS/2 VMware VMMouse: (accel) selected scheme none/0
[   100.329] (**) VirtualPS/2 VMware VMMouse: (accel) acceleration factor: 2.000
[   100.329] (**) VirtualPS/2 VMware VMMouse: (accel) acceleration threshold: 4
[   100.331] (II) event2  - VirtualPS/2 VMware VMMouse: is tagged by udev as: Mouse
[   100.331] (II) event2  - VirtualPS/2 VMware VMMouse: device is a pointer
[   100.332] (II) config/udev: Adding input device VirtualPS/2 VMware VMMouse (/dev/input/mouse0)
[   100.332] (II) No input driver specified, ignoring this device.
[   100.332] (II) This device may have been added with another device file.
[ 34684.529] (!!) vmware(0): New layout.
[ 34684.537] (!!) vmware(0): 0: 0 0 1164 616
[ 34684.537] (!!) vmware(0): 
[ 34684.586] (EE) No surface to present from.
[ 34688.675] (!!) vmware(0): New layout.
[ 34688.675] (!!) vmware(0): 0: 0 0 1164 472
[ 34688.675] (!!) vmware(0): 
[ 52640.916] (!!) vmware(0): New layout.
[ 52640.918] (!!) vmware(0): 0: 0 0 1164 416
[ 52640.918] (!!) vmware(0): 
[ 82733.615] (!!) vmware(0): New layout.
[ 82733.615] (!!) vmware(0): 0: 0 0 1164 472
[ 82733.615] (!!) vmware(0): 
[ 82733.916] (EE) No surface to present from.
